<?xml version="1.0" encoding="UTF-8"?>
<!-- Generated by org.testng.reporters.JUnitReportReporter -->
<testsuite hostname="DESKTOP-M7LL3OH" failures="0" tests="1" name="Tests.Kuwait_Test" time="4.395" errors="0" timestamp="15 Apr 2023 16:07:49 GMT" skipped="0">
  <testcase classname="Tests.Kuwait_Test" name="UserCanChooseKuwaitPlan" time="4.395"/>
</testsuite> <!-- Tests.Kuwait_Test -->
