<?xml version="1.0" encoding="UTF-8"?>
<!-- Generated by org.testng.reporters.JUnitReportReporter -->
<testsuite hostname="DESKTOP-M7LL3OH" failures="0" tests="1" name="Tests.KSA_Test" time="0.818" errors="0" timestamp="15 Apr 2023 16:03:51 GMT" skipped="0">
  <testcase classname="Tests.KSA_Test" name="UserCanChooseKSAPlan" time="0.818"/>
</testsuite> <!-- Tests.KSA_Test -->
